<?xml version="1.0" encoding="UTF-8"?>
<testng-results ignored="0" total="1" passed="1" failed="0" skipped="0">
  <reporter-output>
  </reporter-output>
  <suite started-at="2023-01-09T19:56:52 CST" name="Default suite" finished-at="2023-01-09T19:56:52 CST" duration-ms="110">
    <groups>
    </groups>
    <test started-at="2023-01-09T19:56:52 CST" name="Default test" finished-at="2023-01-09T19:56:52 CST" duration-ms="110">
      <class name="sptrint2_java.RegistrationNumberTask">
        <test-method signature="extractRegistrationAndHallticketNumbers()[pri:0, instance:sptrint2_java.RegistrationNumberTask@20f5239f]" started-at="2023-01-09T19:56:52 CST" name="extractRegistrationAndHallticketNumbers" finished-at="2023-01-09T19:56:52 CST" duration-ms="24" status="PASS">
          <reporter-output>
          </reporter-output>
        </test-method> <!-- extractRegistrationAndHallticketNumbers -->
      </class> <!-- sptrint2_java.RegistrationNumberTask -->
    </test> <!-- Default test -->
  </suite> <!-- Default suite -->
</testng-results>
