<?xml version="1.0" encoding="UTF-8"?>
<!-- Generated by org.testng.reporters.JUnitXMLReporter -->
<testsuite ignored="0" hostname="Pallavi-Sadhus-MacBook-Air.local" failures="0" tests="3" name="Default test" time="0.094" errors="0" timestamp="2023-01-06T17:16:53 CST">
  <testcase classname="sptrint2_java.Hcl_CharCount" name="testCase1" time="0.02"/>
  <testcase classname="sptrint2_java.Hcl_CharCount" name="testCase2" time="0.003"/>
  <testcase classname="sptrint2_java.Hcl_CharCount" name="testCase3" time="0.003"/>
</testsuite> <!-- Default test -->
